#
# There is insufficient memory for the Java Runtime Environment to continue.
# Native memory allocation (malloc) failed to allocate 137216 bytes. Error detail: Chunk::new
# Possible reasons:
#   The system is out of physical RAM or swap space
#   This process is running with CompressedOops enabled, and the Java Heap may be blocking the growth of the native heap
# Possible solutions:
#   Reduce memory load on the system
#   Increase physical memory or swap space
#   Check if swap backing store is full
#   Decrease Java heap size (-Xmx/-Xms)
#   Decrease number of Java threads
#   Decrease Java thread stack sizes (-Xss)
#   Set larger code cache with -XX:ReservedCodeCacheSize=
#   JVM is running with Unscaled Compressed Oops mode in which the Java heap is
#     placed in the first 4GB address space. The Java Heap base address is the
#     maximum limit for the native heap growth. Please use -XX:HeapBaseMinAddress
#     to set the Java Heap base and to place the Java Heap above 4GB virtual address.
# This output file may be truncated or incomplete.
#
#  Out of Memory Error (arena.cpp:149), pid=25004, tid=3824
#
# JRE version: OpenJDK Runtime Environment Temurin-23.0.1+11 (23.0.1+11) (build 23.0.1+11)
# Java VM: OpenJDK 64-Bit Server VM Temurin-23.0.1+11 (23.0.1+11, mixed mode, sharing, tiered, compressed oops, compressed class ptrs, g1 gc, windows-amd64)
# No core dump will be written. Minidumps are not enabled by default on client versions of Windows
#

---------------  S U M M A R Y ------------

Command Line: -ea -Dfile.encoding=UTF-8 -Dstdout.encoding=UTF-8 -Dstderr.encoding=UTF-8 -XX:+ShowCodeDetailsInExceptionMessages org.testng.remote.RemoteTestNG -serport 57753 -protocol json -d D:\shaalu\Eclipse Workspace\TestNGDsAlgo\DsAlgoQuestersTestng\test-output C:\Users\shaal\AppData\Local\Temp\testng-eclipse--1291714946\testng-customsuite.xml

Host: 11th Gen Intel(R) Core(TM) i5-1135G7 @ 2.40GHz, 8 cores, 7G,  Windows 11 , 64 bit Build 22621 (10.0.22621.4391)
Time: Fri Jan 31 08:41:51 2025 India Standard Time elapsed time: 3.690027 seconds (0d 0h 0m 3s)

---------------  T H R E A D  ---------------

Current thread (0x00000255be481840):  JavaThread "C2 CompilerThread0" daemon [_thread_in_native, id=3824, stack(0x0000005bf5100000,0x0000005bf5200000) (1024K)]


Current CompileTask:
C2:3690 2482       4       jdk.internal.org.objectweb.asm.SymbolTable::addConstantUtf8Reference (101 bytes)

Stack: [0x0000005bf5100000,0x0000005bf5200000]
Native frames: (J=compiled Java code, j=interpreted, Vv=VM code, C=native code)
V  [jvm.dll+0x6e8c79]  (no source info available)
V  [jvm.dll+0x8d9253]  (no source info available)
V  [jvm.dll+0x8db6de]  (no source info available)
V  [jvm.dll+0x8dbdb3]  (no source info available)
V  [jvm.dll+0x281aa6]  (no source info available)
V  [jvm.dll+0xbbb0f]  (no source info available)
V  [jvm.dll+0xbbd6b]  (no source info available)
V  [jvm.dll+0x2f54ed]  (no source info available)
V  [jvm.dll+0x60c829]  (no source info available)
V  [jvm.dll+0x2541f2]  (no source info available)
V  [jvm.dll+0x24ca37]  (no source info available)
V  [jvm.dll+0x249f44]  (no source info available)
V  [jvm.dll+0x1c8ea0]  (no source info available)
V  [jvm.dll+0x25a13e]  (no source info available)
V  [jvm.dll+0x25840a]  (no source info available)
V  [jvm.dll+0x3f4706]  (no source info available)
V  [jvm.dll+0x8802ab]  (no source info available)
V  [jvm.dll+0x6e7485]  (no source info available)
C  [ucrtbase.dll+0x29333]  (no source info available)
C  [KERNEL32.DLL+0x1259d]  (no source info available)
C  [ntdll.dll+0x5af38]  (no source info available)

Lock stack of current Java thread (top to bottom):


---------------  P R O C E S S  ---------------

Threads class SMR info:
_java_thread_list=0x00000255be464430, length=25, elements={
0x00000255a3dd0980, 0x00000255be463160, 0x00000255be467e90, 0x00000255be46aff0,
0x00000255be46bb40, 0x00000255be46c8a0, 0x00000255be46e430, 0x00000255be481840,
0x00000255be487720, 0x00000255be5d2630, 0x00000255be5db5e0, 0x00000256047b9380,
0x0000025604d91450, 0x0000025604cffe60, 0x0000025604bf0f50, 0x0000025604bf15c0,
0x0000025605046880, 0x000002560501f230, 0x000002560501f8a0, 0x00000256050a28c0,
0x00000256050a0e80, 0x00000256050a3c70, 0x00000256050a4300, 0x00000256050a1510,
0x00000256050a1ba0
}

Java Threads: ( => current thread )
  0x00000255a3dd0980 JavaThread "Forwarding newSession on session null to remote"        [_thread_in_vm, id=24548, stack(0x0000005bf4300000,0x0000005bf4400000) (1024K)]
  0x00000255be463160 JavaThread "Reference Handler"          daemon [_thread_blocked, id=23148, stack(0x0000005bf4b00000,0x0000005bf4c00000) (1024K)]
  0x00000255be467e90 JavaThread "Finalizer"                  daemon [_thread_blocked, id=7056, stack(0x0000005bf4c00000,0x0000005bf4d00000) (1024K)]
  0x00000255be46aff0 JavaThread "Signal Dispatcher"          daemon [_thread_blocked, id=5948, stack(0x0000005bf4d00000,0x0000005bf4e00000) (1024K)]
  0x00000255be46bb40 JavaThread "Attach Listener"            daemon [_thread_blocked, id=10284, stack(0x0000005bf4e00000,0x0000005bf4f00000) (1024K)]
  0x00000255be46c8a0 JavaThread "Service Thread"             daemon [_thread_blocked, id=3652, stack(0x0000005bf4f00000,0x0000005bf5000000) (1024K)]
  0x00000255be46e430 JavaThread "Monitor Deflation Thread"   daemon [_thread_blocked, id=20260, stack(0x0000005bf5000000,0x0000005bf5100000) (1024K)]
=>0x00000255be481840 JavaThread "C2 CompilerThread0"         daemon [_thread_in_native, id=3824, stack(0x0000005bf5100000,0x0000005bf5200000) (1024K)]
  0x00000255be487720 JavaThread "C1 CompilerThread0"         daemon [_thread_blocked, id=17524, stack(0x0000005bf5200000,0x0000005bf5300000) (1024K)]
  0x00000255be5d2630 JavaThread "Notification Thread"        daemon [_thread_blocked, id=14912, stack(0x0000005bf5300000,0x0000005bf5400000) (1024K)]
  0x00000255be5db5e0 JavaThread "Common-Cleaner"             daemon [_thread_blocked, id=18608, stack(0x0000005bf5400000,0x0000005bf5500000) (1024K)]
  0x00000256047b9380 JavaThread "ReaderThread"                      [_thread_in_native, id=21904, stack(0x0000005bf5700000,0x0000005bf5800000) (1024K)]
  0x0000025604d91450 JavaThread "ForkJoinPool.commonPool-worker-1" daemon [_thread_blocked, id=13920, stack(0x0000005bf5f00000,0x0000005bf6000000) (1024K)]
  0x0000025604cffe60 JavaThread "ForkJoinPool.commonPool-worker-2" daemon [_thread_blocked, id=2900, stack(0x0000005bf6000000,0x0000005bf6100000) (1024K)]
  0x0000025604bf0f50 JavaThread "ForkJoinPool.commonPool-worker-3" daemon [_thread_blocked, id=14420, stack(0x0000005bf6100000,0x0000005bf6200000) (1024K)]
  0x0000025604bf15c0 JavaThread "ForkJoinPool.commonPool-worker-4" daemon [_thread_blocked, id=20248, stack(0x0000005bf6200000,0x0000005bf6300000) (1024K)]
  0x0000025605046880 JavaThread "HttpClient-1-SelectorManager" daemon [_thread_in_native, id=304, stack(0x0000005bf6300000,0x0000005bf6400000) (1024K)]
  0x000002560501f230 JavaThread "External Process Output Forwarder - C:\Users\shaal\.cache\selenium\chromedriver\win64\132.0.6834.159\chromedriver.exe" daemon [_thread_in_native, id=16260, stack(0x0000005bf6400000,0x0000005bf6500000) (1024K)]
  0x000002560501f8a0 JavaThread "Driver Service Executor"    daemon [_thread_blocked, id=3876, stack(0x0000005bf6500000,0x0000005bf6600000) (1024K)]
  0x00000256050a28c0 JavaThread "Driver Service Executor"    daemon [_thread_in_native, id=20788, stack(0x0000005bf6600000,0x0000005bf6700000) (1024K)]
  0x00000256050a0e80 JavaThread "UrlChecker-2"               daemon [_thread_blocked, id=24704, stack(0x0000005bf6700000,0x0000005bf6800000) (1024K)]
  0x00000256050a3c70 JavaThread "Keep-Alive-Timer"           daemon [_thread_blocked, id=9412, stack(0x0000005bf6800000,0x0000005bf6900000) (1024K)]
  0x00000256050a4300 JavaThread "pool-1-thread-1"                   [_thread_blocked, id=8140, stack(0x0000005bf6900000,0x0000005bf6a00000) (1024K)]
  0x00000256050a1510 JavaThread "pool-1-thread-2"                   [_thread_blocked, id=11056, stack(0x0000005bf6a00000,0x0000005bf6b00000) (1024K)]
  0x00000256050a1ba0 JavaThread "pool-1-thread-3"                   [_thread_blocked, id=25376, stack(0x0000005bf6b00000,0x0000005bf6c00000) (1024K)]
Total: 25

Other Threads:
  0x00000255be44bff0 VMThread "VM Thread"                           [id=24620, stack(0x0000005bf4a00000,0x0000005bf4b00000) (1024K)]
  0x00000255be438410 WatcherThread "VM Periodic Task Thread"        [id=5584, stack(0x0000005bf4900000,0x0000005bf4a00000) (1024K)]
  0x00000255a61f6e70 WorkerThread "GC Thread#0"                     [id=16288, stack(0x0000005bf4400000,0x0000005bf4500000) (1024K)]
  0x0000025604b3a8a0 WorkerThread "GC Thread#1"                     [id=948, stack(0x0000005bf5800000,0x0000005bf5900000) (1024K)]
  0x0000025604b3b060 WorkerThread "GC Thread#2"                     [id=16648, stack(0x0000005bf5900000,0x0000005bf5a00000) (1024K)]
  0x0000025604bb1840 WorkerThread "GC Thread#3"                     [id=22984, stack(0x0000005bf5a00000,0x0000005bf5b00000) (1024K)]
  0x0000025604bc5090 WorkerThread "GC Thread#4"                     [id=14696, stack(0x0000005bf5b00000,0x0000005bf5c00000) (1024K)]
  0x0000025604bc4ce0 WorkerThread "GC Thread#5"                     [id=6352, stack(0x0000005bf5c00000,0x0000005bf5d00000) (1024K)]
  0x0000025604bc6300 WorkerThread "GC Thread#6"                     [id=17448, stack(0x0000005bf5d00000,0x0000005bf5e00000) (1024K)]
  0x0000025604bc5ba0 WorkerThread "GC Thread#7"                     [id=10548, stack(0x0000005bf5e00000,0x0000005bf5f00000) (1024K)]
  0x00000255a620b470 ConcurrentGCThread "G1 Main Marker"            [id=23752, stack(0x0000005bf4500000,0x0000005bf4600000) (1024K)]
  0x00000255a620c8d0 WorkerThread "G1 Conc#0"                       [id=23844, stack(0x0000005bf4600000,0x0000005bf4700000) (1024K)]
  0x00000255be3081c0 ConcurrentGCThread "G1 Refine#0"               [id=24372, stack(0x0000005bf4700000,0x0000005bf4800000) (1024K)]
  0x00000255be3089f0 ConcurrentGCThread "G1 Service"                [id=18840, stack(0x0000005bf4800000,0x0000005bf4900000) (1024K)]
Total: 14

Threads with active compile tasks:
C2 CompilerThread0  4169 2482       4       jdk.internal.org.objectweb.asm.SymbolTable::addConstantUtf8Reference (101 bytes)
Total: 1

VM state: not at safepoint (normal execution)

VM Mutex/Monitor currently owned by a thread:  ([mutex/lock_event])
[0x00007ffdd3ac9cf0] Metaspace_lock - owner thread: 0x00000255a3dd0980

Heap address: 0x0000000084200000, size: 1982 MB, Compressed Oops mode: 32-bit

CDS archive(s) mapped at: [0x00000255bf000000-0x00000255bfd70000-0x00000255bfd70000), size 14090240, SharedBaseAddress: 0x00000255bf000000, ArchiveRelocationMode: 1.
Compressed class space mapped at: 0x00000255c0000000-0x0000025600000000, reserved size: 1073741824
Narrow klass base: 0x00000255bf000000, Narrow klass shift: 0, Narrow klass range: 0x41000000

GC Precious Log:
 CardTable entry size: 512
 Card Set container configuration: InlinePtr #cards 5 size 8 Array Of Cards #cards 10 size 36 Howl #buckets 4 coarsen threshold 1843 Howl Bitmap #cards 512 size 80 coarsen threshold 460 Card regions per heap region 1 cards per card region 2048
 CPUs: 8 total, 8 available
 Memory: 7926M
 Large Page Support: Disabled
 NUMA Support: Disabled
 Compressed Oops: Enabled (32-bit)
 Heap Region Size: 1M
 Heap Min Capacity: 8M
 Heap Initial Capacity: 124M
 Heap Max Capacity: 1982M
 Pre-touch: Disabled
 Parallel Workers: 8
 Concurrent Workers: 2
 Concurrent Refinement Workers: 8
 Periodic GC: Disabled

Heap:
 garbage-first heap   total reserved 2029568K, committed 126976K, used 31537K [0x0000000084200000, 0x0000000100000000)
  region size 1024K, 24 young (24576K), 2 survivors (2048K)
 Metaspace       used 19772K, committed 20096K, reserved 1114112K
  class space    used 2401K, committed 2560K, reserved 1048576K

Heap Regions: E=young(eden), S=young(survivor), O=old, HS=humongous(starts), HC=humongous(continues), CS=collection set, F=free, TAMS=top-at-mark-start, PB=parsable bottom
|   0|0x0000000084200000, 0x0000000084300000, 0x0000000084300000|100%| O|  |TAMS 0x0000000084200000| PB 0x0000000084200000| Untracked |  0
|   1|0x0000000084300000, 0x0000000084400000, 0x0000000084400000|100%| O|  |TAMS 0x0000000084300000| PB 0x0000000084300000| Untracked |  0
|   2|0x0000000084400000, 0x0000000084500000, 0x0000000084500000|100%| O|  |TAMS 0x0000000084400000| PB 0x0000000084400000| Untracked |  0
|   3|0x0000000084500000, 0x0000000084600000, 0x0000000084600000|100%| O|  |TAMS 0x0000000084500000| PB 0x0000000084500000| Untracked |  0
|   4|0x0000000084600000, 0x0000000084700000, 0x0000000084700000|100%| O|  |TAMS 0x0000000084600000| PB 0x0000000084600000| Untracked |  0
|   5|0x0000000084700000, 0x0000000084800000, 0x0000000084800000|100%| O|  |TAMS 0x0000000084700000| PB 0x0000000084700000| Untracked |  0
|   6|0x0000000084800000, 0x0000000084900000, 0x0000000084900000|100%| O|  |TAMS 0x0000000084800000| PB 0x0000000084800000| Untracked |  0
|   7|0x0000000084900000, 0x0000000084a00000, 0x0000000084a00000|100%| O|  |TAMS 0x0000000084900000| PB 0x0000000084900000| Untracked |  0
|   8|0x0000000084a00000, 0x0000000084aa0440, 0x0000000084b00000| 62%| O|  |TAMS 0x0000000084a00000| PB 0x0000000084a00000| Untracked |  0
|   9|0x0000000084b00000, 0x0000000084b00000, 0x0000000084c00000|  0%| F|  |TAMS 0x0000000084b00000| PB 0x0000000084b00000| Untracked |  0
|  10|0x0000000084c00000, 0x0000000084c00000, 0x0000000084d00000|  0%| F|  |TAMS 0x0000000084c00000| PB 0x0000000084c00000| Untracked |  0
|  11|0x0000000084d00000, 0x0000000084d00000, 0x0000000084e00000|  0%| F|  |TAMS 0x0000000084d00000| PB 0x0000000084d00000| Untracked |  0
|  12|0x0000000084e00000, 0x0000000084e00000, 0x0000000084f00000|  0%| F|  |TAMS 0x0000000084e00000| PB 0x0000000084e00000| Untracked |  0
|  13|0x0000000084f00000, 0x0000000084f00000, 0x0000000085000000|  0%| F|  |TAMS 0x0000000084f00000| PB 0x0000000084f00000| Untracked |  0
|  14|0x0000000085000000, 0x0000000085000000, 0x0000000085100000|  0%| F|  |TAMS 0x0000000085000000| PB 0x0000000085000000| Untracked |  0
|  15|0x0000000085100000, 0x0000000085100000, 0x0000000085200000|  0%| F|  |TAMS 0x0000000085100000| PB 0x0000000085100000| Untracked |  0
|  16|0x0000000085200000, 0x0000000085200000, 0x0000000085300000|  0%| F|  |TAMS 0x0000000085200000| PB 0x0000000085200000| Untracked |  0
|  17|0x0000000085300000, 0x0000000085300000, 0x0000000085400000|  0%| F|  |TAMS 0x0000000085300000| PB 0x0000000085300000| Untracked |  0
|  18|0x0000000085400000, 0x0000000085400000, 0x0000000085500000|  0%| F|  |TAMS 0x0000000085400000| PB 0x0000000085400000| Untracked |  0
|  19|0x0000000085500000, 0x0000000085500000, 0x0000000085600000|  0%| F|  |TAMS 0x0000000085500000| PB 0x0000000085500000| Untracked |  0
|  20|0x0000000085600000, 0x0000000085600000, 0x0000000085700000|  0%| F|  |TAMS 0x0000000085600000| PB 0x0000000085600000| Untracked |  0
|  21|0x0000000085700000, 0x0000000085700000, 0x0000000085800000|  0%| F|  |TAMS 0x0000000085700000| PB 0x0000000085700000| Untracked |  0
|  22|0x0000000085800000, 0x0000000085800000, 0x0000000085900000|  0%| F|  |TAMS 0x0000000085800000| PB 0x0000000085800000| Untracked |  0
|  23|0x0000000085900000, 0x0000000085900000, 0x0000000085a00000|  0%| F|  |TAMS 0x0000000085900000| PB 0x0000000085900000| Untracked |  0
|  24|0x0000000085a00000, 0x0000000085a00000, 0x0000000085b00000|  0%| F|  |TAMS 0x0000000085a00000| PB 0x0000000085a00000| Untracked |  0
|  25|0x0000000085b00000, 0x0000000085b00000, 0x0000000085c00000|  0%| F|  |TAMS 0x0000000085b00000| PB 0x0000000085b00000| Untracked |  0
|  26|0x0000000085c00000, 0x0000000085c00000, 0x0000000085d00000|  0%| F|  |TAMS 0x0000000085c00000| PB 0x0000000085c00000| Untracked |  0
|  27|0x0000000085d00000, 0x0000000085d00000, 0x0000000085e00000|  0%| F|  |TAMS 0x0000000085d00000| PB 0x0000000085d00000| Untracked |  0
|  28|0x0000000085e00000, 0x0000000085e00000, 0x0000000085f00000|  0%| F|  |TAMS 0x0000000085e00000| PB 0x0000000085e00000| Untracked |  0
|  29|0x0000000085f00000, 0x0000000085f00000, 0x0000000086000000|  0%| F|  |TAMS 0x0000000085f00000| PB 0x0000000085f00000| Untracked |  0
|  30|0x0000000086000000, 0x0000000086000000, 0x0000000086100000|  0%| F|  |TAMS 0x0000000086000000| PB 0x0000000086000000| Untracked |  0
|  31|0x0000000086100000, 0x0000000086100000, 0x0000000086200000|  0%| F|  |TAMS 0x0000000086100000| PB 0x0000000086100000| Untracked |  0
|  32|0x0000000086200000, 0x0000000086200000, 0x0000000086300000|  0%| F|  |TAMS 0x0000000086200000| PB 0x0000000086200000| Untracked |  0
|  33|0x0000000086300000, 0x0000000086300000, 0x0000000086400000|  0%| F|  |TAMS 0x0000000086300000| PB 0x0000000086300000| Untracked |  0
|  34|0x0000000086400000, 0x0000000086400000, 0x0000000086500000|  0%| F|  |TAMS 0x0000000086400000| PB 0x0000000086400000| Untracked |  0
|  35|0x0000000086500000, 0x0000000086500000, 0x0000000086600000|  0%| F|  |TAMS 0x0000000086500000| PB 0x0000000086500000| Untracked |  0
|  36|0x0000000086600000, 0x0000000086600000, 0x0000000086700000|  0%| F|  |TAMS 0x0000000086600000| PB 0x0000000086600000| Untracked |  0
|  37|0x0000000086700000, 0x0000000086700000, 0x0000000086800000|  0%| F|  |TAMS 0x0000000086700000| PB 0x0000000086700000| Untracked |  0
|  38|0x0000000086800000, 0x0000000086800000, 0x0000000086900000|  0%| F|  |TAMS 0x0000000086800000| PB 0x0000000086800000| Untracked |  0
|  39|0x0000000086900000, 0x0000000086900000, 0x0000000086a00000|  0%| F|  |TAMS 0x0000000086900000| PB 0x0000000086900000| Untracked |  0
|  40|0x0000000086a00000, 0x0000000086a00000, 0x0000000086b00000|  0%| F|  |TAMS 0x0000000086a00000| PB 0x0000000086a00000| Untracked |  0
|  41|0x0000000086b00000, 0x0000000086b00000, 0x0000000086c00000|  0%| F|  |TAMS 0x0000000086b00000| PB 0x0000000086b00000| Untracked |  0
|  42|0x0000000086c00000, 0x0000000086c00000, 0x0000000086d00000|  0%| F|  |TAMS 0x0000000086c00000| PB 0x0000000086c00000| Untracked |  0
|  43|0x0000000086d00000, 0x0000000086d00000, 0x0000000086e00000|  0%| F|  |TAMS 0x0000000086d00000| PB 0x0000000086d00000| Untracked |  0
|  44|0x0000000086e00000, 0x0000000086e00000, 0x0000000086f00000|  0%| F|  |TAMS 0x0000000086e00000| PB 0x0000000086e00000| Untracked |  0
|  45|0x0000000086f00000, 0x0000000086f00000, 0x0000000087000000|  0%| F|  |TAMS 0x0000000086f00000| PB 0x0000000086f00000| Untracked |  0
|  46|0x0000000087000000, 0x0000000087000000, 0x0000000087100000|  0%| F|  |TAMS 0x0000000087000000| PB 0x0000000087000000| Untracked |  0
|  47|0x0000000087100000, 0x0000000087100000, 0x0000000087200000|  0%| F|  |TAMS 0x0000000087100000| PB 0x0000000087100000| Untracked |  0
|  48|0x0000000087200000, 0x0000000087200000, 0x0000000087300000|  0%| F|  |TAMS 0x0000000087200000| PB 0x0000000087200000| Untracked |  0
|  49|0x0000000087300000, 0x0000000087300000, 0x0000000087400000|  0%| F|  |TAMS 0x0000000087300000| PB 0x0000000087300000| Untracked |  0
|  50|0x0000000087400000, 0x0000000087400000, 0x0000000087500000|  0%| F|  |TAMS 0x0000000087400000| PB 0x0000000087400000| Untracked |  0
|  51|0x0000000087500000, 0x0000000087500000, 0x0000000087600000|  0%| F|  |TAMS 0x0000000087500000| PB 0x0000000087500000| Untracked |  0
|  52|0x0000000087600000, 0x0000000087600000, 0x0000000087700000|  0%| F|  |TAMS 0x0000000087600000| PB 0x0000000087600000| Untracked |  0
|  53|0x0000000087700000, 0x0000000087700000, 0x0000000087800000|  0%| F|  |TAMS 0x0000000087700000| PB 0x0000000087700000| Untracked |  0
|  54|0x0000000087800000, 0x0000000087800000, 0x0000000087900000|  0%| F|  |TAMS 0x0000000087800000| PB 0x0000000087800000| Untracked |  0
|  55|0x0000000087900000, 0x0000000087900000, 0x0000000087a00000|  0%| F|  |TAMS 0x0000000087900000| PB 0x0000000087900000| Untracked |  0
|  56|0x0000000087a00000, 0x0000000087a00000, 0x0000000087b00000|  0%| F|  |TAMS 0x0000000087a00000| PB 0x0000000087a00000| Untracked |  0
|  57|0x0000000087b00000, 0x0000000087b00000, 0x0000000087c00000|  0%| F|  |TAMS 0x0000000087b00000| PB 0x0000000087b00000| Untracked |  0
|  58|0x0000000087c00000, 0x0000000087c00000, 0x0000000087d00000|  0%| F|  |TAMS 0x0000000087c00000| PB 0x0000000087c00000| Untracked |  0
|  59|0x0000000087d00000, 0x0000000087d00000, 0x0000000087e00000|  0%| F|  |TAMS 0x0000000087d00000| PB 0x0000000087d00000| Untracked |  0
|  60|0x0000000087e00000, 0x0000000087e00000, 0x0000000087f00000|  0%| F|  |TAMS 0x0000000087e00000| PB 0x0000000087e00000| Untracked |  0
|  61|0x0000000087f00000, 0x0000000087f00000, 0x0000000088000000|  0%| F|  |TAMS 0x0000000087f00000| PB 0x0000000087f00000| Untracked |  0
|  62|0x0000000088000000, 0x0000000088000000, 0x0000000088100000|  0%| F|  |TAMS 0x0000000088000000| PB 0x0000000088000000| Untracked |  0
|  63|0x0000000088100000, 0x0000000088100000, 0x0000000088200000|  0%| F|  |TAMS 0x0000000088100000| PB 0x0000000088100000| Untracked |  0
|  64|0x0000000088200000, 0x0000000088200000, 0x0000000088300000|  0%| F|  |TAMS 0x0000000088200000| PB 0x0000000088200000| Untracked |  0
|  65|0x0000000088300000, 0x0000000088300000, 0x0000000088400000|  0%| F|  |TAMS 0x0000000088300000| PB 0x0000000088300000| Untracked |  0
|  66|0x0000000088400000, 0x0000000088400000, 0x0000000088500000|  0%| F|  |TAMS 0x0000000088400000| PB 0x0000000088400000| Untracked |  0
|  67|0x0000000088500000, 0x0000000088500000, 0x0000000088600000|  0%| F|  |TAMS 0x0000000088500000| PB 0x0000000088500000| Untracked |  0
|  68|0x0000000088600000, 0x0000000088600000, 0x0000000088700000|  0%| F|  |TAMS 0x0000000088600000| PB 0x0000000088600000| Untracked |  0
|  69|0x0000000088700000, 0x0000000088700000, 0x0000000088800000|  0%| F|  |TAMS 0x0000000088700000| PB 0x0000000088700000| Untracked |  0
|  70|0x0000000088800000, 0x0000000088800000, 0x0000000088900000|  0%| F|  |TAMS 0x0000000088800000| PB 0x0000000088800000| Untracked |  0
|  71|0x0000000088900000, 0x0000000088900000, 0x0000000088a00000|  0%| F|  |TAMS 0x0000000088900000| PB 0x0000000088900000| Untracked |  0
|  72|0x0000000088a00000, 0x0000000088a00000, 0x0000000088b00000|  0%| F|  |TAMS 0x0000000088a00000| PB 0x0000000088a00000| Untracked |  0
|  73|0x0000000088b00000, 0x0000000088b00000, 0x0000000088c00000|  0%| F|  |TAMS 0x0000000088b00000| PB 0x0000000088b00000| Untracked |  0
|  74|0x0000000088c00000, 0x0000000088c00000, 0x0000000088d00000|  0%| F|  |TAMS 0x0000000088c00000| PB 0x0000000088c00000| Untracked |  0
|  75|0x0000000088d00000, 0x0000000088d00000, 0x0000000088e00000|  0%| F|  |TAMS 0x0000000088d00000| PB 0x0000000088d00000| Untracked |  0
|  76|0x0000000088e00000, 0x0000000088e00000, 0x0000000088f00000|  0%| F|  |TAMS 0x0000000088e00000| PB 0x0000000088e00000| Untracked |  0
|  77|0x0000000088f00000, 0x0000000088f00000, 0x0000000089000000|  0%| F|  |TAMS 0x0000000088f00000| PB 0x0000000088f00000| Untracked |  0
|  78|0x0000000089000000, 0x0000000089000000, 0x0000000089100000|  0%| F|  |TAMS 0x0000000089000000| PB 0x0000000089000000| Untracked |  0
|  79|0x0000000089100000, 0x0000000089100000, 0x0000000089200000|  0%| F|  |TAMS 0x0000000089100000| PB 0x0000000089100000| Untracked |  0
|  80|0x0000000089200000, 0x0000000089200000, 0x0000000089300000|  0%| F|  |TAMS 0x0000000089200000| PB 0x0000000089200000| Untracked |  0
|  81|0x0000000089300000, 0x0000000089300000, 0x0000000089400000|  0%| F|  |TAMS 0x0000000089300000| PB 0x0000000089300000| Untracked |  0
|  82|0x0000000089400000, 0x0000000089400000, 0x0000000089500000|  0%| F|  |TAMS 0x0000000089400000| PB 0x0000000089400000| Untracked |  0
|  83|0x0000000089500000, 0x0000000089500000, 0x0000000089600000|  0%| F|  |TAMS 0x0000000089500000| PB 0x0000000089500000| Untracked |  0
|  84|0x0000000089600000, 0x0000000089600000, 0x0000000089700000|  0%| F|  |TAMS 0x0000000089600000| PB 0x0000000089600000| Untracked |  0
|  85|0x0000000089700000, 0x0000000089700000, 0x0000000089800000|  0%| F|  |TAMS 0x0000000089700000| PB 0x0000000089700000| Untracked |  0
|  86|0x0000000089800000, 0x0000000089800000, 0x0000000089900000|  0%| F|  |TAMS 0x0000000089800000| PB 0x0000000089800000| Untracked |  0
|  87|0x0000000089900000, 0x0000000089900000, 0x0000000089a00000|  0%| F|  |TAMS 0x0000000089900000| PB 0x0000000089900000| Untracked |  0
|  88|0x0000000089a00000, 0x0000000089a00000, 0x0000000089b00000|  0%| F|  |TAMS 0x0000000089a00000| PB 0x0000000089a00000| Untracked |  0
|  89|0x0000000089b00000, 0x0000000089b00000, 0x0000000089c00000|  0%| F|  |TAMS 0x0000000089b00000| PB 0x0000000089b00000| Untracked |  0
|  90|0x0000000089c00000, 0x0000000089c00000, 0x0000000089d00000|  0%| F|  |TAMS 0x0000000089c00000| PB 0x0000000089c00000| Untracked |  0
|  91|0x0000000089d00000, 0x0000000089d00000, 0x0000000089e00000|  0%| F|  |TAMS 0x0000000089d00000| PB 0x0000000089d00000| Untracked |  0
|  92|0x0000000089e00000, 0x0000000089e00000, 0x0000000089f00000|  0%| F|  |TAMS 0x0000000089e00000| PB 0x0000000089e00000| Untracked |  0
|  93|0x0000000089f00000, 0x0000000089f00000, 0x000000008a000000|  0%| F|  |TAMS 0x0000000089f00000| PB 0x0000000089f00000| Untracked |  0
|  94|0x000000008a000000, 0x000000008a000000, 0x000000008a100000|  0%| F|  |TAMS 0x000000008a000000| PB 0x000000008a000000| Untracked |  0
|  95|0x000000008a100000, 0x000000008a100000, 0x000000008a200000|  0%| F|  |TAMS 0x000000008a100000| PB 0x000000008a100000| Untracked |  0
|  96|0x000000008a200000, 0x000000008a200000, 0x000000008a300000|  0%| F|  |TAMS 0x000000008a200000| PB 0x000000008a200000| Untracked |  0
|  97|0x000000008a300000, 0x000000008a300000, 0x000000008a400000|  0%| F|  |TAMS 0x000000008a300000| PB 0x000000008a300000| Untracked |  0
|  98|0x000000008a400000, 0x000000008a400000, 0x000000008a500000|  0%| F|  |TAMS 0x000000008a400000| PB 0x000000008a400000| Untracked |  0
|  99|0x000000008a500000, 0x000000008a500000, 0x000000008a600000|  0%| F|  |TAMS 0x000000008a500000| PB 0x000000008a500000| Untracked |  0
| 100|0x000000008a600000, 0x000000008a675038, 0x000000008a700000| 45%| E|  |TAMS 0x000000008a600000| PB 0x000000008a600000| Complete |  0
| 101|0x000000008a700000, 0x000000008a800000, 0x000000008a800000|100%| E|CS|TAMS 0x000000008a700000| PB 0x000000008a700000| Complete |  0
| 102|0x000000008a800000, 0x000000008a82c2f0, 0x000000008a900000| 17%| S|CS|TAMS 0x000000008a800000| PB 0x000000008a800000| Complete |  0
| 103|0x000000008a900000, 0x000000008aa00000, 0x000000008aa00000|100%| S|CS|TAMS 0x000000008a900000| PB 0x000000008a900000| Complete |  0
| 104|0x000000008aa00000, 0x000000008ab00000, 0x000000008ab00000|100%| E|CS|TAMS 0x000000008aa00000| PB 0x000000008aa00000| Complete |  0
| 105|0x000000008ab00000, 0x000000008ac00000, 0x000000008ac00000|100%| E|CS|TAMS 0x000000008ab00000| PB 0x000000008ab00000| Complete |  0
| 106|0x000000008ac00000, 0x000000008ad00000, 0x000000008ad00000|100%| E|CS|TAMS 0x000000008ac00000| PB 0x000000008ac00000| Complete |  0
| 107|0x000000008ad00000, 0x000000008ae00000, 0x000000008ae00000|100%| E|CS|TAMS 0x000000008ad00000| PB 0x000000008ad00000| Complete |  0
| 108|0x000000008ae00000, 0x000000008af00000, 0x000000008af00000|100%| E|CS|TAMS 0x000000008ae00000| PB 0x000000008ae00000| Complete |  0
| 109|0x000000008af00000, 0x000000008b000000, 0x000000008b000000|100%| E|CS|TAMS 0x000000008af00000| PB 0x000000008af00000| Complete |  0
| 110|0x000000008b000000, 0x000000008b100000, 0x000000008b100000|100%| E|CS|TAMS 0x000000008b000000| PB 0x000000008b000000| Complete |  0
| 111|0x000000008b100000, 0x000000008b200000, 0x000000008b200000|100%| E|CS|TAMS 0x000000008b100000| PB 0x000000008b100000| Complete |  0
| 112|0x000000008b200000, 0x000000008b300000, 0x000000008b300000|100%| E|CS|TAMS 0x000000008b200000| PB 0x000000008b200000| Complete |  0
| 113|0x000000008b300000, 0x000000008b400000, 0x000000008b400000|100%| E|CS|TAMS 0x000000008b300000| PB 0x000000008b300000| Complete |  0
| 114|0x000000008b400000, 0x000000008b500000, 0x000000008b500000|100%| E|CS|TAMS 0x000000008b400000| PB 0x000000008b400000| Complete |  0
| 115|0x000000008b500000, 0x000000008b600000, 0x000000008b600000|100%| E|CS|TAMS 0x000000008b500000| PB 0x000000008b500000| Complete |  0
| 116|0x000000008b600000, 0x000000008b700000, 0x000000008b700000|100%| E|CS|TAMS 0x000000008b600000| PB 0x000000008b600000| Complete |  0
| 117|0x000000008b700000, 0x000000008b800000, 0x000000008b800000|100%| E|CS|TAMS 0x000000008b700000| PB 0x000000008b700000| Complete |  0
| 118|0x000000008b800000, 0x000000008b900000, 0x000000008b900000|100%| E|CS|TAMS 0x000000008b800000| PB 0x000000008b800000| Complete |  0
| 119|0x000000008b900000, 0x000000008ba00000, 0x000000008ba00000|100%| E|CS|TAMS 0x000000008b900000| PB 0x000000008b900000| Complete |  0
| 120|0x000000008ba00000, 0x000000008bb00000, 0x000000008bb00000|100%| E|CS|TAMS 0x000000008ba00000| PB 0x000000008ba00000| Complete |  0
| 121|0x000000008bb00000, 0x000000008bc00000, 0x000000008bc00000|100%| E|CS|TAMS 0x000000008bb00000| PB 0x000000008bb00000| Complete |  0
| 122|0x000000008bc00000, 0x000000008bd00000, 0x000000008bd00000|100%| E|CS|TAMS 0x000000008bc00000| PB 0x000000008bc00000| Complete |  0
| 123|0x000000008bd00000, 0x000000008be00000, 0x000000008be00000|100%| E|CS|TAMS 0x000000008bd00000| PB 0x000000008bd00000| Complete |  0

Card table byte_map: [0x00000255b9740000,0x00000255b9b20000] _byte_map_base: 0x00000255b931f000

Marking Bits: (CMBitMap*) 0x00000255a61f7580
 Bits: [0x00000255b9b20000, 0x00000255bba18000)

Polling page: 0x00000255a4030000

Metaspace:

Usage:
  Non-class:     16.96 MB used.
      Class:      2.34 MB used.
       Both:     19.31 MB used.

Virtual space:
  Non-class space:       64.00 MB reserved,      17.12 MB ( 27%) committed,  1 nodes.
      Class space:        1.00 GB reserved,       2.50 MB ( <1%) committed,  1 nodes.
             Both:        1.06 GB reserved,      19.62 MB (  2%) committed. 

Chunk freelists:
   Non-Class:  14.05 MB
       Class:  13.44 MB
        Both:  27.48 MB

MaxMetaspaceSize: unlimited
CompressedClassSpaceSize: 1.00 GB
Initial GC threshold: 21.00 MB
Current GC threshold: 21.00 MB
CDS: on
 - commit_granule_bytes: 65536.
 - commit_granule_words: 8192.
 - virtual_space_node_default_size: 8388608.
 - enlarge_chunks_in_place: 1.
 - use_allocation_guard: 0.


Internal statistics:

num_allocs_failed_limit: 0.
num_arena_births: 368.
num_arena_deaths: 0.
num_vsnodes_births: 2.
num_vsnodes_deaths: 0.
num_space_committed: 314.
num_space_uncommitted: 0.
num_chunks_returned_to_freelist: 0.
num_chunks_taken_from_freelist: 891.
num_chunk_merges: 0.
num_chunk_splits: 566.
num_chunks_enlarged: 376.
num_inconsistent_stats: 0.

CodeHeap 'non-profiled nmethods': size=120064Kb used=846Kb max_used=846Kb free=119217Kb
 bounds [0x00000255b1af0000, 0x00000255b1d60000, 0x00000255b9030000]
CodeHeap 'profiled nmethods': size=120000Kb used=3449Kb max_used=3449Kb free=116550Kb
 bounds [0x00000255aa030000, 0x00000255aa390000, 0x00000255b1560000]
CodeHeap 'non-nmethods': size=5696Kb used=1673Kb max_used=1718Kb free=4022Kb
 bounds [0x00000255b1560000, 0x00000255b17d0000, 0x00000255b1af0000]
CodeCache: size=245760Kb, used=5968Kb, max_used=6013Kb, free=239789Kb
 total_blobs=3099, nmethods=2485, adapters=519, full_count=0
Compilation: enabled, stopped_count=0, restarted_count=0

Compilation events (20 events):
Event: 3.135 Thread 0x00000255be487720 2477       3       java.lang.Class::protectionDomain (48 bytes)
Event: 3.135 Thread 0x00000255be481840 nmethod 2476 0x00000255b1bc3808 code [0x00000255b1bc3920, 0x00000255b1bc3a00]
Event: 3.136 Thread 0x00000255be487720 nmethod 2477 0x00000255aa38a108 code [0x00000255aa38a2c0, 0x00000255aa38a910]
Event: 3.254 Thread 0x00000255be487720 2478       3       java.nio.HeapByteBuffer::getInt (30 bytes)
Event: 3.255 Thread 0x00000255be487720 nmethod 2478 0x00000255aa38a988 code [0x00000255aa38ab40, 0x00000255aa38b398]
Event: 3.256 Thread 0x00000255be487720 2479       3       java.lang.invoke.MethodHandles::makeIdentity (23 bytes)
Event: 3.256 Thread 0x00000255be481840 2482       4       jdk.internal.org.objectweb.asm.SymbolTable::addConstantUtf8Reference (101 bytes)
Event: 3.257 Thread 0x00000255be487720 nmethod 2479 0x00000255aa38b408 code [0x00000255aa38b600, 0x00000255aa38bfb0]
Event: 3.257 Thread 0x00000255be487720 2480       3       java.lang.invoke.LambdaForm::identityForm (27 bytes)
Event: 3.257 Thread 0x00000255be487720 nmethod 2480 0x00000255aa38c088 code [0x00000255aa38c1c0, 0x00000255aa38c390]
Event: 3.257 Thread 0x00000255be487720 2483       3       org.openqa.selenium.internal.Require::nonNull (27 bytes)
Event: 3.258 Thread 0x00000255be487720 nmethod 2483 0x00000255aa38c408 code [0x00000255aa38c600, 0x00000255aa38d100]
Event: 3.258 Thread 0x00000255be487720 2481       3       java.lang.invoke.DelegatingMethodHandle::rebind (8 bytes)
Event: 3.258 Thread 0x00000255be487720 nmethod 2481 0x00000255aa38d188 code [0x00000255aa38d2c0, 0x00000255aa38d550]
Event: 3.259 Thread 0x00000255be487720 2485       3       org.openqa.selenium.json.Types::narrow (49 bytes)
Event: 3.259 Thread 0x00000255be487720 nmethod 2485 0x00000255aa38d588 code [0x00000255aa38d720, 0x00000255aa38de90]
Event: 3.260 Thread 0x00000255be487720 2486       3       java.util.stream.ReduceOps$3ReducingSink::accept (15 bytes)
Event: 3.260 Thread 0x00000255be487720 nmethod 2486 0x00000255aa38df08 code [0x00000255aa38e020, 0x00000255aa38e208]
Event: 3.260 Thread 0x00000255be487720 2487       3       java.util.ArrayDeque::peekFirst (12 bytes)
Event: 3.261 Thread 0x00000255be487720 nmethod 2487 0x00000255aa38e288 code [0x00000255aa38e3a0, 0x00000255aa38e530]

GC Heap History (4 events):
Event: 0.720 GC heap before
{Heap before GC invocations=0 (full 0):
 garbage-first heap   total reserved 2029568K, committed 126976K, used 23552K [0x0000000084200000, 0x0000000100000000)
  region size 1024K, 24 young (24576K), 0 survivors (0K)
 Metaspace       used 7054K, committed 7232K, reserved 1114112K
  class space    used 742K, committed 832K, reserved 1048576K
}
Event: 0.726 GC heap after
{Heap after GC invocations=1 (full 0):
 garbage-first heap   total reserved 2029568K, committed 126976K, used 8736K [0x0000000084200000, 0x0000000100000000)
  region size 1024K, 3 young (3072K), 3 survivors (3072K)
 Metaspace       used 7054K, committed 7232K, reserved 1114112K
  class space    used 742K, committed 832K, reserved 1048576K
}
Event: 1.080 GC heap before
{Heap before GC invocations=1 (full 0):
 garbage-first heap   total reserved 2029568K, committed 126976K, used 29216K [0x0000000084200000, 0x0000000100000000)
  region size 1024K, 23 young (23552K), 3 survivors (3072K)
 Metaspace       used 12219K, committed 12480K, reserved 1114112K
  class space    used 1440K, committed 1536K, reserved 1048576K
}
Event: 1.086 GC heap after
{Heap after GC invocations=2 (full 0):
 garbage-first heap   total reserved 2029568K, committed 126976K, used 10033K [0x0000000084200000, 0x0000000100000000)
  region size 1024K, 2 young (2048K), 2 survivors (2048K)
 Metaspace       used 12219K, committed 12480K, reserved 1114112K
  class space    used 1440K, committed 1536K, reserved 1048576K
}

Dll operation events (9 events):
Event: 0.009 Loaded shared library C:\Users\shaal\.p2\pool\plugins\org.eclipse.justj.openjdk.hotspot.jre.full.win32.x86_64_23.0.1.v20241024-1700\jre\bin\java.dll
Event: 0.123 Loaded shared library C:\Users\shaal\.p2\pool\plugins\org.eclipse.justj.openjdk.hotspot.jre.full.win32.x86_64_23.0.1.v20241024-1700\jre\bin\net.dll
Event: 0.125 Loaded shared library C:\Users\shaal\.p2\pool\plugins\org.eclipse.justj.openjdk.hotspot.jre.full.win32.x86_64_23.0.1.v20241024-1700\jre\bin\nio.dll
Event: 0.129 Loaded shared library C:\Users\shaal\.p2\pool\plugins\org.eclipse.justj.openjdk.hotspot.jre.full.win32.x86_64_23.0.1.v20241024-1700\jre\bin\zip.dll
Event: 0.132 Loaded shared library C:\Users\shaal\.p2\pool\plugins\org.eclipse.justj.openjdk.hotspot.jre.full.win32.x86_64_23.0.1.v20241024-1700\jre\bin\zip.dll
Event: 0.252 Loaded shared library C:\Users\shaal\.p2\pool\plugins\org.eclipse.justj.openjdk.hotspot.jre.full.win32.x86_64_23.0.1.v20241024-1700\jre\bin\jimage.dll
Event: 0.406 Loaded shared library C:\Users\shaal\.p2\pool\plugins\org.eclipse.justj.openjdk.hotspot.jre.full.win32.x86_64_23.0.1.v20241024-1700\jre\bin\extnet.dll
Event: 0.578 Loaded shared library C:\Users\shaal\.p2\pool\plugins\org.eclipse.justj.openjdk.hotspot.jre.full.win32.x86_64_23.0.1.v20241024-1700\jre\bin\verify.dll
Event: 1.906 Loaded shared library C:\Users\shaal\.p2\pool\plugins\org.eclipse.justj.openjdk.hotspot.jre.full.win32.x86_64_23.0.1.v20241024-1700\jre\bin\sunmscapi.dll

Deoptimization events (20 events):
Event: 1.809 Thread 0x00000255a3dd0980 DEOPT PACKING pc=0x00000255b1b84500 sp=0x0000005bf43fa210
Event: 1.809 Thread 0x00000255a3dd0980 DEOPT UNPACKING pc=0x00000255b15b7982 sp=0x0000005bf43fa1a0 mode 2
Event: 1.860 Thread 0x00000255a3dd0980 DEOPT PACKING pc=0x00000255aa2f9567 sp=0x0000005bf43fbff0
Event: 1.860 Thread 0x00000255a3dd0980 DEOPT UNPACKING pc=0x00000255b15b84c2 sp=0x0000005bf43fb468 mode 0
Event: 1.861 Thread 0x00000255a3dd0980 DEOPT PACKING pc=0x00000255aa2f9567 sp=0x0000005bf43fbfb0
Event: 1.861 Thread 0x00000255a3dd0980 DEOPT UNPACKING pc=0x00000255b15b84c2 sp=0x0000005bf43fb428 mode 0
Event: 1.862 Thread 0x00000255a3dd0980 DEOPT PACKING pc=0x00000255aa2f9567 sp=0x0000005bf43fbff0
Event: 1.863 Thread 0x00000255a3dd0980 DEOPT UNPACKING pc=0x00000255b15b84c2 sp=0x0000005bf43fb468 mode 0
Event: 1.864 Thread 0x00000255a3dd0980 DEOPT PACKING pc=0x00000255aa2f9567 sp=0x0000005bf43fbff0
Event: 1.864 Thread 0x00000255a3dd0980 DEOPT UNPACKING pc=0x00000255b15b84c2 sp=0x0000005bf43fb468 mode 0
Event: 1.865 Thread 0x00000255a3dd0980 DEOPT PACKING pc=0x00000255aa2f9567 sp=0x0000005bf43fbff0
Event: 1.865 Thread 0x00000255a3dd0980 DEOPT UNPACKING pc=0x00000255b15b84c2 sp=0x0000005bf43fb468 mode 0
Event: 1.916 Thread 0x00000255a3dd0980 Uncommon trap: trap_request=0xffffff45 fr.pc=0x00000255b1b69dc0 relative=0x0000000000000220
Event: 1.916 Thread 0x00000255a3dd0980 Uncommon trap: reason=unstable_if action=reinterpret pc=0x00000255b1b69dc0 method=java.util.HashMap.putVal(ILjava/lang/Object;Ljava/lang/Object;ZZ)Ljava/lang/Object; @ 162 c2
Event: 1.916 Thread 0x00000255a3dd0980 DEOPT PACKING pc=0x00000255b1b69dc0 sp=0x0000005bf43fb5f0
Event: 1.916 Thread 0x00000255a3dd0980 DEOPT UNPACKING pc=0x00000255b15b7982 sp=0x0000005bf43fb528 mode 2
Event: 1.949 Thread 0x00000255a3dd0980 Uncommon trap: trap_request=0xffffffde fr.pc=0x00000255b1b517d4 relative=0x00000000000002f4
Event: 1.949 Thread 0x00000255a3dd0980 Uncommon trap: reason=class_check action=maybe_recompile pc=0x00000255b1b517d4 method=java.util.regex.Pattern$BmpCharPropertyGreedy.match(Ljava/util/regex/Matcher;ILjava/lang/CharSequence;)Z @ 26 c2
Event: 1.949 Thread 0x00000255a3dd0980 DEOPT PACKING pc=0x00000255b1b517d4 sp=0x0000005bf43fcf60
Event: 1.949 Thread 0x00000255a3dd0980 DEOPT UNPACKING pc=0x00000255b15b7982 sp=0x0000005bf43fcf18 mode 2

Classes loaded (20 events):
Event: 3.109 Loading class java/util/stream/ReferencePipeline$5
Event: 3.110 Loading class java/util/stream/LongPipeline$StatelessOp
Event: 3.110 Loading class java/util/stream/LongPipeline
Event: 3.111 Loading class java/util/stream/LongStream
Event: 3.111 Loading class java/util/stream/LongStream done
Event: 3.112 Loading class java/util/stream/LongPipeline done
Event: 3.112 Loading class java/util/stream/LongPipeline$StatelessOp done
Event: 3.112 Loading class java/util/stream/ReferencePipeline$5 done
Event: 3.112 Loading class java/util/stream/FindOps$FindSink$OfLong
Event: 3.112 Loading class java/util/stream/Sink$OfLong
Event: 3.112 Loading class java/util/stream/Sink$OfLong done
Event: 3.112 Loading class java/util/stream/FindOps$FindSink$OfLong done
Event: 3.113 Loading class java/util/OptionalLong
Event: 3.113 Loading class java/util/OptionalLong done
Event: 3.116 Loading class java/util/stream/ReferencePipeline$5$1
Event: 3.116 Loading class java/util/stream/ReferencePipeline$5$1 done
Event: 3.118 Loading class java/lang/invoke/VarHandleBytes$FieldInstanceReadWrite
Event: 3.119 Loading class java/lang/invoke/VarHandleBytes$FieldInstanceReadOnly
Event: 3.120 Loading class java/lang/invoke/VarHandleBytes$FieldInstanceReadOnly done
Event: 3.120 Loading class java/lang/invoke/VarHandleBytes$FieldInstanceReadWrite done

Classes unloaded (0 events):
No events

Classes redefined (0 events):
No events

Internal exceptions (20 events):
Event: 1.770 Thread 0x00000255a3dd0980 Exception <a 'java/lang/NoSuchMethodError'{0x000000008b92dba8}: 'java.lang.Object java.lang.invoke.DirectMethodHandle$Holder.invokeStatic(java.lang.Object, int, java.lang.Object, java.lang.Object)'> (0x000000008b92dba8) 
thrown [s\src\hotspot\share\interpreter\linkResolver.cpp, line 796]
Event: 1.770 Thread 0x00000255a3dd0980 Exception <a 'java/lang/NoSuchMethodError'{0x000000008b931b00}: 'java.lang.Object java.lang.invoke.DirectMethodHandle$Holder.invokeSpecial(java.lang.Object, java.lang.Object, int, java.lang.Object, java.lang.Object)'> (0x000000008b931b00) 
thrown [s\src\hotspot\share\interpreter\linkResolver.cpp, line 796]
Event: 1.770 Thread 0x00000255a3dd0980 Exception <a 'java/lang/NoSuchMethodError'{0x000000008b935288}: 'java.lang.Object java.lang.invoke.DelegatingMethodHandle$Holder.delegate(java.lang.Object, int, java.lang.Object, java.lang.Object)'> (0x000000008b935288) 
thrown [s\src\hotspot\share\interpreter\linkResolver.cpp, line 796]
Event: 1.772 Thread 0x00000255a3dd0980 Exception <a 'java/lang/NoSuchMethodError'{0x000000008b944f68}: 'int java.lang.invoke.Invokers$Holder.linkToTargetMethod(java.lang.Object, java.lang.Object, java.lang.Object)'> (0x000000008b944f68) 
thrown [s\src\hotspot\share\interpreter\linkResolver.cpp, line 796]
Event: 1.775 Thread 0x00000255a3dd0980 Exception <a 'java/lang/NoSuchMethodError'{0x000000008b960748}: 'long java.lang.invoke.DirectMethodHandle$Holder.invokeSpecial(java.lang.Object, java.lang.Object)'> (0x000000008b960748) 
thrown [s\src\hotspot\share\interpreter\linkResolver.cpp, line 796]
Event: 1.803 Thread 0x00000255a3dd0980 Exception <a 'sun/nio/fs/WindowsException'{0x000000008b83a470}> (0x000000008b83a470) 
thrown [s\src\hotspot\share\prims\jni.cpp, line 520]
Event: 1.948 Thread 0x00000255a3dd0980 Exception <a 'java/lang/NoSuchMethodError'{0x000000008ae078b0}: 'java.lang.Object java.lang.invoke.DirectMethodHandle$Holder.invokeInterface(java.lang.Object, java.lang.Object, java.lang.Object)'> (0x000000008ae078b0) 
thrown [s\src\hotspot\share\interpreter\linkResolver.cpp, line 796]
Event: 1.948 Thread 0x00000255a3dd0980 Exception <a 'java/lang/IncompatibleClassChangeError'{0x000000008ae0acc0}: Found class java.lang.Object, but interface was expected> (0x000000008ae0acc0) 
thrown [s\src\hotspot\share\interpreter\linkResolver.cpp, line 863]
Event: 1.949 Thread 0x00000255a3dd0980 Exception <a 'java/lang/NoSuchMethodError'{0x000000008ae12410}: 'int java.lang.invoke.DirectMethodHandle$Holder.invokeSpecialIFC(java.lang.Object, java.lang.Object, java.lang.Object, java.lang.Object)'> (0x000000008ae12410) 
thrown [s\src\hotspot\share\interpreter\linkResolver.cpp, line 796]
Event: 1.951 Thread 0x00000255a3dd0980 Exception <a 'java/lang/NoSuchMethodError'{0x000000008ae351a8}: 'java.lang.Object java.lang.invoke.DirectMethodHandle$Holder.invokeVirtual(java.lang.Object, java.lang.Object, java.lang.Object, java.lang.Object)'> (0x000000008ae351a8) 
thrown [s\src\hotspot\share\interpreter\linkResolver.cpp, line 796]
Event: 1.973 Thread 0x00000256050a0e80 Exception <a 'java/net/ConnectException'{0x000000008aee60e0}: Connection refused: getsockopt> (0x000000008aee60e0) 
thrown [s\src\hotspot\share\prims\jni.cpp, line 539]
Event: 1.999 Thread 0x00000256050a0e80 Exception <a 'java/net/ConnectException'{0x000000008aee7238}: Connection refused: getsockopt> (0x000000008aee7238) 
thrown [s\src\hotspot\share\prims\jni.cpp, line 539]
Event: 2.056 Thread 0x00000255a3dd0980 Exception <a 'java/lang/NoSuchMethodError'{0x000000008adb8cf0}: 'java.lang.Object java.lang.invoke.DirectMethodHandle$Holder.newInvokeSpecial(java.lang.Object, java.lang.Object, int, int)'> (0x000000008adb8cf0) 
thrown [s\src\hotspot\share\interpreter\linkResolver.cpp, line 796]
Event: 2.058 Thread 0x00000255a3dd0980 Exception <a 'java/lang/NoSuchMethodError'{0x000000008adc3758}: 'void java.lang.invoke.DirectMethodHandle$Holder.invokeStatic(java.lang.Object, java.lang.Object, int)'> (0x000000008adc3758) 
thrown [s\src\hotspot\share\interpreter\linkResolver.cpp, line 796]
Event: 2.127 Thread 0x00000256050a4300 Exception <a 'java/lang/NoSuchMethodError'{0x000000008aa408e8}: 'java.lang.Object java.lang.invoke.DirectMethodHandle$Holder.invokeSpecial(java.lang.Object, java.lang.Object, java.lang.Object, java.lang.Object, int)'> (0x000000008aa408e8) 
thrown [s\src\hotspot\share\interpreter\linkResolver.cpp, line 796]
Event: 2.127 Thread 0x00000256050a4300 Exception <a 'java/lang/NoSuchMethodError'{0x000000008aa44258}: 'java.lang.Object java.lang.invoke.Invokers$Holder.linkToTargetMethod(java.lang.Object, java.lang.Object, int, java.lang.Object)'> (0x000000008aa44258) 
thrown [s\src\hotspot\share\interpreter\linkResolver.cpp, line 796]
Event: 2.146 Thread 0x00000256050a4300 Exception <a 'java/lang/NoSuchMethodError'{0x000000008aacb200}: 'void java.lang.invoke.DirectMethodHandle$Holder.invokeSpecial(java.lang.Object, java.lang.Object, java.lang.Object, java.lang.Object, java.lang.Object)'> (0x000000008aacb200) 
thrown [s\src\hotspot\share\interpreter\linkResolver.cpp, line 796]
Event: 2.154 Thread 0x0000025605046880 Exception <a 'java/lang/NoSuchMethodError'{0x000000008af723d8}: 'int java.lang.invoke.DirectMethodHandle$Holder.invokeStatic(java.lang.Object, int, java.lang.Object)'> (0x000000008af723d8) 
thrown [s\src\hotspot\share\interpreter\linkResolver.cpp, line 796]
Event: 2.158 Thread 0x00000256050a4300 Exception <a 'java/lang/NoSuchMethodError'{0x000000008a726890}: 'int java.lang.invoke.DirectMethodHandle$Holder.invokeSpecialIFC(java.lang.Object, java.lang.Object, java.lang.Object, java.lang.Object, java.lang.Object)'> (0x000000008a726890) 
thrown [s\src\hotspot\share\interpreter\linkResolver.cpp, line 796]
Event: 3.128 Thread 0x00000256050a4300 Exception <a 'java/lang/NoSuchMethodError'{0x000000008a617d00}: 'void java.lang.invoke.DirectMethodHandle$Holder.invokeSpecial(java.lang.Object, java.lang.Object, java.lang.Object, java.lang.Object, java.lang.Object, java.lang.Object, java.lang.Object)'> (0x000000008a617d00) 
thrown [s\src\hotspot\share\interpreter\linkResolver.cpp, line 796]

VM Operations (20 events):
Event: 0.811 Executing VM operation: HandshakeAllThreads (Deoptimize)
Event: 0.811 Executing VM operation: HandshakeAllThreads (Deoptimize) done
Event: 1.080 Executing VM operation: G1CollectForAllocation (G1 Evacuation Pause)
Event: 1.086 Executing VM operation: G1CollectForAllocation (G1 Evacuation Pause) done
Event: 1.778 Executing VM operation: HandshakeAllThreads (Deoptimize)
Event: 1.778 Executing VM operation: HandshakeAllThreads (Deoptimize) done
Event: 1.782 Executing VM operation: HandshakeAllThreads (Deoptimize)
Event: 1.782 Executing VM operation: HandshakeAllThreads (Deoptimize) done
Event: 1.804 Executing VM operation: HandshakeAllThreads (Deoptimize)
Event: 1.804 Executing VM operation: HandshakeAllThreads (Deoptimize) done
Event: 1.837 Executing VM operation: HandshakeAllThreads (Deoptimize)
Event: 1.837 Executing VM operation: HandshakeAllThreads (Deoptimize) done
Event: 2.036 Executing VM operation: HandshakeAllThreads (Deoptimize)
Event: 2.036 Executing VM operation: HandshakeAllThreads (Deoptimize) done
Event: 2.068 Executing VM operation: HandshakeAllThreads (Deoptimize)
Event: 2.068 Executing VM operation: HandshakeAllThreads (Deoptimize) done
Event: 3.096 Executing VM operation: HandshakeAllThreads (Deoptimize)
Event: 3.096 Executing VM operation: HandshakeAllThreads (Deoptimize) done
Event: 3.100 Executing VM operation: HandshakeAllThreads (Deoptimize)
Event: 3.100 Executing VM operation: HandshakeAllThreads (Deoptimize) done

Memory protections (0 events):
No events

Nmethod flushes (0 events):
No events

Events (20 events):
Event: 0.230 Thread 0x00000255be487720 Thread added: 0x00000255be7daee0
Event: 0.415 Thread 0x00000255a3dd0980 Thread added: 0x00000256047b9380
Event: 0.970 Thread 0x00000255a3dd0980 Thread added: 0x0000025604d91450
Event: 0.972 Thread 0x00000255a3dd0980 Thread added: 0x0000025604cffe60
Event: 0.975 Thread 0x00000255a3dd0980 Thread added: 0x0000025604bf0f50
Event: 0.975 Thread 0x0000025604d91450 Thread added: 0x0000025604bf15c0
Event: 1.130 Thread 0x00000255a3dd0980 Thread added: 0x0000025604e62fd0
Event: 1.707 Thread 0x00000255be7daee0 Thread exited: 0x00000255be7daee0
Event: 1.708 Thread 0x0000025604e62fd0 Thread exited: 0x0000025604e62fd0
Event: 1.865 Thread 0x00000255be487720 Thread added: 0x0000025604fd3a70
Event: 1.938 Thread 0x00000255a3dd0980 Thread added: 0x0000025605046880
Event: 1.958 Thread 0x00000255a3dd0980 Thread added: 0x000002560501f230
Event: 1.960 Thread 0x00000255a3dd0980 Thread added: 0x000002560501f8a0
Event: 1.960 Thread 0x00000255a3dd0980 Thread added: 0x00000256050a28c0
Event: 1.964 Thread 0x000002560501f8a0 Thread added: 0x00000256050a0e80
Event: 2.035 Thread 0x00000256050a0e80 Thread added: 0x00000256050a3c70
Event: 2.111 Thread 0x00000255a3dd0980 Thread added: 0x00000256050a4300
Event: 2.158 Thread 0x0000025605046880 Thread added: 0x00000256050a1510
Event: 2.158 Thread 0x0000025605046880 Thread added: 0x00000256050a1ba0
Event: 3.093 Thread 0x0000025604fd3a70 Thread exited: 0x0000025604fd3a70


Dynamic libraries:
0x00007ff626140000 - 0x00007ff62614e000 	C:\Users\shaal\.p2\pool\plugins\org.eclipse.justj.openjdk.hotspot.jre.full.win32.x86_64_23.0.1.v20241024-1700\jre\bin\javaw.exe
0x00007ffe2f390000 - 0x00007ffe2f5a7000 	C:\WINDOWS\SYSTEM32\ntdll.dll
0x00007ffe2da80000 - 0x00007ffe2db44000 	C:\WINDOWS\System32\KERNEL32.DLL
0x00007ffe2c8d0000 - 0x00007ffe2cc8a000 	C:\WINDOWS\System32\KERNELBASE.dll
0x00007ffe2ce00000 - 0x00007ffe2cf11000 	C:\WINDOWS\System32\ucrtbase.dll
0x00007ffe142b0000 - 0x00007ffe142c7000 	C:\Users\shaal\.p2\pool\plugins\org.eclipse.justj.openjdk.hotspot.jre.full.win32.x86_64_23.0.1.v20241024-1700\jre\bin\jli.dll
0x00007ffe141b0000 - 0x00007ffe141ce000 	C:\Users\shaal\.p2\pool\plugins\org.eclipse.justj.openjdk.hotspot.jre.full.win32.x86_64_23.0.1.v20241024-1700\jre\bin\VCRUNTIME140.dll
0x00007ffe2eca0000 - 0x00007ffe2ee4e000 	C:\WINDOWS\System32\USER32.dll
0x00007ffe2c750000 - 0x00007ffe2c776000 	C:\WINDOWS\System32\win32u.dll
0x00007ffe2d450000 - 0x00007ffe2d479000 	C:\WINDOWS\System32\GDI32.dll
0x00007ffdfe770000 - 0x00007ffdfea02000 	C:\WINDOWS\WinSxS\amd64_microsoft.windows.common-controls_6595b64144ccf1df_6.0.22621.4541_none_2710d1c57384c085\COMCTL32.dll
0x00007ffe2c780000 - 0x00007ffe2c89b000 	C:\WINDOWS\System32\gdi32full.dll
0x00007ffe2e350000 - 0x00007ffe2e3f7000 	C:\WINDOWS\System32\msvcrt.dll
0x00007ffe2cf20000 - 0x00007ffe2cfba000 	C:\WINDOWS\System32\msvcp_win.dll
0x00007ffe2d140000 - 0x00007ffe2d171000 	C:\WINDOWS\System32\IMM32.DLL
0x00007ffe15dd0000 - 0x00007ffe15ddc000 	C:\Users\shaal\.p2\pool\plugins\org.eclipse.justj.openjdk.hotspot.jre.full.win32.x86_64_23.0.1.v20241024-1700\jre\bin\vcruntime140_1.dll
0x00007ffe0e220000 - 0x00007ffe0e2ad000 	C:\Users\shaal\.p2\pool\plugins\org.eclipse.justj.openjdk.hotspot.jre.full.win32.x86_64_23.0.1.v20241024-1700\jre\bin\msvcp140.dll
0x00007ffdd2de0000 - 0x00007ffdd3bad000 	C:\Users\shaal\.p2\pool\plugins\org.eclipse.justj.openjdk.hotspot.jre.full.win32.x86_64_23.0.1.v20241024-1700\jre\bin\server\jvm.dll
0x00007ffe2d080000 - 0x00007ffe2d132000 	C:\WINDOWS\System32\ADVAPI32.dll
0x00007ffe2dbf0000 - 0x00007ffe2dc97000 	C:\WINDOWS\System32\sechost.dll
0x00007ffe2c8a0000 - 0x00007ffe2c8c8000 	C:\WINDOWS\System32\bcrypt.dll
0x00007ffe2d480000 - 0x00007ffe2d594000 	C:\WINDOWS\System32\RPCRT4.dll
0x00007ffe2d950000 - 0x00007ffe2d9c1000 	C:\WINDOWS\System32\WS2_32.dll
0x00007ffe2c470000 - 0x00007ffe2c4bd000 	C:\WINDOWS\SYSTEM32\POWRPROF.dll
0x00007ffe22da0000 - 0x00007ffe22dd4000 	C:\WINDOWS\SYSTEM32\WINMM.dll
0x00007ffe23e00000 - 0x00007ffe23e0a000 	C:\WINDOWS\SYSTEM32\VERSION.dll
0x00007ffe2c350000 - 0x00007ffe2c363000 	C:\WINDOWS\SYSTEM32\UMPDC.dll
0x00007ffe2b660000 - 0x00007ffe2b678000 	C:\WINDOWS\SYSTEM32\kernel.appcore.dll
0x00007ffdf1350000 - 0x00007ffdf135a000 	C:\Users\shaal\.p2\pool\plugins\org.eclipse.justj.openjdk.hotspot.jre.full.win32.x86_64_23.0.1.v20241024-1700\jre\bin\jimage.dll
0x00007ffe29e40000 - 0x00007ffe2a072000 	C:\WINDOWS\SYSTEM32\DBGHELP.DLL
0x00007ffe2deb0000 - 0x00007ffe2e241000 	C:\WINDOWS\System32\combase.dll
0x00007ffe2d790000 - 0x00007ffe2d867000 	C:\WINDOWS\System32\OLEAUT32.dll
0x00007ffdff3c0000 - 0x00007ffdff3f2000 	C:\WINDOWS\SYSTEM32\dbgcore.DLL
0x00007ffe2c650000 - 0x00007ffe2c6cb000 	C:\WINDOWS\System32\bcryptPrimitives.dll
0x00007ffdf10d0000 - 0x00007ffdf10ee000 	C:\Users\shaal\.p2\pool\plugins\org.eclipse.justj.openjdk.hotspot.jre.full.win32.x86_64_23.0.1.v20241024-1700\jre\bin\java.dll
0x00007ffe2dd00000 - 0x00007ffe2dea5000 	C:\WINDOWS\System32\ole32.dll
0x00007ffe2e420000 - 0x00007ffe2ec99000 	C:\WINDOWS\System32\SHELL32.dll
0x00007ffe2a540000 - 0x00007ffe2ae49000 	C:\WINDOWS\SYSTEM32\windows.storage.dll
0x00007ffe2a400000 - 0x00007ffe2a53f000 	C:\WINDOWS\SYSTEM32\wintypes.dll
0x00007ffe2d350000 - 0x00007ffe2d44a000 	C:\WINDOWS\System32\SHCORE.dll
0x00007ffe2dca0000 - 0x00007ffe2dcfe000 	C:\WINDOWS\System32\shlwapi.dll
0x00007ffe2c580000 - 0x00007ffe2c5ab000 	C:\WINDOWS\SYSTEM32\profapi.dll
0x00007ffdf1340000 - 0x00007ffdf1350000 	C:\Users\shaal\.p2\pool\plugins\org.eclipse.justj.openjdk.hotspot.jre.full.win32.x86_64_23.0.1.v20241024-1700\jre\bin\net.dll
0x00007ffe2bae0000 - 0x00007ffe2bb49000 	C:\WINDOWS\system32\mswsock.dll
0x00007ffdf1060000 - 0x00007ffdf1076000 	C:\Users\shaal\.p2\pool\plugins\org.eclipse.justj.openjdk.hotspot.jre.full.win32.x86_64_23.0.1.v20241024-1700\jre\bin\nio.dll
0x00007ffdf1080000 - 0x00007ffdf1097000 	C:\Users\shaal\.p2\pool\plugins\org.eclipse.justj.openjdk.hotspot.jre.full.win32.x86_64_23.0.1.v20241024-1700\jre\bin\zip.dll
0x00007ffe2b170000 - 0x00007ffe2b272000 	C:\WINDOWS\SYSTEM32\DNSAPI.dll
0x00007ffe2b0f0000 - 0x00007ffe2b11d000 	C:\WINDOWS\SYSTEM32\IPHLPAPI.DLL
0x00007ffe2dbe0000 - 0x00007ffe2dbe9000 	C:\WINDOWS\System32\NSI.dll
0x00007ffe20c90000 - 0x00007ffe20c9a000 	C:\Windows\System32\rasadhlp.dll
0x00007ffe20590000 - 0x00007ffe20613000 	C:\WINDOWS\System32\fwpuclnt.dll
0x00007ffe27470000 - 0x00007ffe27479000 	C:\Users\shaal\.p2\pool\plugins\org.eclipse.justj.openjdk.hotspot.jre.full.win32.x86_64_23.0.1.v20241024-1700\jre\bin\extnet.dll
0x00007ffe2bd50000 - 0x00007ffe2bd6b000 	C:\WINDOWS\SYSTEM32\CRYPTSP.dll
0x00007ffe2b5c0000 - 0x00007ffe2b5f5000 	C:\WINDOWS\system32\rsaenh.dll
0x00007ffe2bbe0000 - 0x00007ffe2bc08000 	C:\WINDOWS\SYSTEM32\USERENV.dll
0x00007ffe2bd40000 - 0x00007ffe2bd4c000 	C:\WINDOWS\SYSTEM32\CRYPTBASE.dll
0x00007ffe28d00000 - 0x00007ffe28d10000 	C:\Users\shaal\.p2\pool\plugins\org.eclipse.justj.openjdk.hotspot.jre.full.win32.x86_64_23.0.1.v20241024-1700\jre\bin\verify.dll
0x00007ffe274e0000 - 0x00007ffe274ee000 	C:\Users\shaal\.p2\pool\plugins\org.eclipse.justj.openjdk.hotspot.jre.full.win32.x86_64_23.0.1.v20241024-1700\jre\bin\sunmscapi.dll
0x00007ffe2cc90000 - 0x00007ffe2cdf6000 	C:\WINDOWS\System32\CRYPT32.dll
0x00007ffe2bf20000 - 0x00007ffe2bf4d000 	C:\WINDOWS\SYSTEM32\ncrypt.dll
0x00007ffe2bee0000 - 0x00007ffe2bf17000 	C:\WINDOWS\SYSTEM32\NTASN1.dll
0x00007ffe1d4a0000 - 0x00007ffe1d4a8000 	C:\WINDOWS\system32\wshunix.dll

dbghelp: loaded successfully - version: 4.0.5 - missing functions: none
symbol engine: initialized successfully - sym options: 0x614 - pdb path: .;C:\Users\shaal\.p2\pool\plugins\org.eclipse.justj.openjdk.hotspot.jre.full.win32.x86_64_23.0.1.v20241024-1700\jre\bin;C:\WINDOWS\SYSTEM32;C:\WINDOWS\WinSxS\amd64_microsoft.windows.common-controls_6595b64144ccf1df_6.0.22621.4541_none_2710d1c57384c085;C:\Users\shaal\.p2\pool\plugins\org.eclipse.justj.openjdk.hotspot.jre.full.win32.x86_64_23.0.1.v20241024-1700\jre\bin\server

VM Arguments:
jvm_args: -ea -Dfile.encoding=UTF-8 -Dstdout.encoding=UTF-8 -Dstderr.encoding=UTF-8 -XX:+ShowCodeDetailsInExceptionMessages 
java_command: org.testng.remote.RemoteTestNG -serport 57753 -protocol json -d D:\shaalu\Eclipse Workspace\TestNGDsAlgo\DsAlgoQuestersTestng\test-output C:\Users\shaal\AppData\Local\Temp\testng-eclipse--1291714946\testng-customsuite.xml
java_class_path (initial): C:\Users\shaal\eclipse\java-2024-12\eclipse\configuration\org.eclipse.osgi\529\0\.cp\lib\testng-remote.jar;D:\shaalu\Eclipse Workspace\TestNGDsAlgo\DsAlgoQuestersTestng\target\test-classes;D:\shaalu\Eclipse Workspace\TestNGDsAlgo\DsAlgoQuestersTestng\target\classes;C:\Users\shaal\.p2\pool\plugins\org.testng_7.4.0.r202105021533.jar;C:\Users\shaal\.p2\pool\plugins\com.beust.jcommander_1.78.0.jar;C:\Users\shaal\.p2\pool\plugins\org.apache-extras.beanshell.bsh_2.0.0.b6.jar;C:\Users\shaal\.p2\pool\plugins\org.yaml.snakeyaml_1.21.0.jar;C:\Users\shaal\.p2\pool\plugins\org.webjars.jquery_3.5.1.jar;C:\Users\shaal\.m2\repository\org\seleniumhq\selenium\selenium-java\4.17.0\selenium-java-4.17.0.jar;C:\Users\shaal\.m2\repository\org\seleniumhq\selenium\selenium-api\4.17.0\selenium-api-4.17.0.jar;C:\Users\shaal\.m2\repository\org\seleniumhq\selenium\selenium-chrome-driver\4.17.0\selenium-chrome-driver-4.17.0.jar;C:\Users\shaal\.m2\repository\com\google\auto\service\auto-service-annotations\1.1.1\auto-service-annotations-1.1.1.jar;C:\Users\shaal\.m2\repository\org\seleniumhq\selenium\selenium-chromium-driver\4.17.0\selenium-chromium-driver-4.17.0.jar;C:\Users\shaal\.m2\repository\org\seleniumhq\selenium\selenium-json\4.17.0\selenium-json-4.17.0.jar;C:\Users\shaal\.m2\repository\org\seleniumhq\selenium\selenium-manager\4.17.0\selenium-manager-4.17.0.jar;C:\Users\shaal\.m2\repository\org\seleniumhq\selenium\selenium-devtools-v119\4.17.0\selenium-devtools-v119-4.17.0.jar;C:\Users\shaal\.m2\repository\org\seleniumhq\selenium\selenium-devtools-v120\4.17.0\selenium-devtools-v120-4.17.0.jar;C:\Users\shaal\.m2\repository\org\seleniumhq\selenium\selenium-devtools-v121\4.17.0\selenium-devtools-v121-4.17.0.jar;C:\Users\shaal\.m2\repository\org\seleniumhq\selenium\selenium-devtools-v85\4.17.0\selenium-devtools-v85-4.17.0.jar;C:\Users\shaal\.m2\repository\org\seleniumhq\selenium\selenium-edge-driver\4.17.0\selenium-edge-driver-4.17.0.jar;C:\Users\shaal\.m2\repository\org\seleniumhq\selenium\selenium-firefox-driver\4.17.0\selenium-firefox-driver-4.17.0.jar;C:\Users\shaal\.m2\repository\org\seleniumhq\selenium\selenium-http\4.17.0\selenium-http-4.17.0.jar;C:\Users\shaal\.m2\repository\dev\failsafe\failsafe\3.3.2\failsafe-3.3.2.jar;C:\Users\shaal\.m2\repository\org\seleniumhq\selenium\selenium-ie-driver\4.17.0\selenium-ie-driver-4.17.0.jar;C:\Users\shaal\.m2\repository\org\seleniumhq\selenium\selenium-remote-driver\4.17.0\selenium-remote-driver-4.17.0.jar;C:\Users\shaal\.m2\repository\com\google\guava\guava\33.0.0-jre\guava-33.0.0-jre.jar;C:\Users\shaal\.m2\repository\com\google\guava\failureaccess\1.0.2\failureaccess-1.0.2.jar;C:\Users\shaal\.m2\repository\com\google\guava\listenablefuture\9999.0-empty-to-avoid-conflict-with-guava\listenablefuture-9999.0-empty-to-avoid-conflict-with-guava.jar;C:\Users\shaal\.m2\repository\com\google\code\findbugs\jsr305\3.0.2\jsr305-3.0.2.jar;C:\Users\shaal\.m2\repository\org\checkerframework\checker-qual\3.41.0\checker-qual-3.41.0.jar;C:\Users\shaal\.m2\repository\com\google\errorprone\error_prone_annotations\2.23.0\error_prone_annotations-2.23.0.jar;C:\Users\shaal\.m2\repository\com\google\j2objc\j2objc-annotations\2.8\j2objc-annotations-2.8.jar;C:\Users\shaal\.m2\repository\io\opentelemetry\semconv\opentelemetry-semconv\1.23.1-alpha\opentelemetry-semconv-1.23.1-alpha.jar;C:\Users\shaal\.m2\repository\io\opentelemetry\opentelemetry-api\1.34.1\opentelemetry-api-1.34.1.jar;C:\Users\shaal\.m2\repository\io\opentelemetry\opentelemetry-context\1.34.1\opentelemetry-context-1.34.1.jar;C:\Users\shaal\.m2\repository\io\opentelemetry\opentelemetry-exporter-logging\1.34.1\opentelemetry-exporter-logging-1.34.1.jar;C:\Users\shaal\.m2\repository\io\opentelemetry\opentelemetry-sdk-common\1.34.1\opentelemetry-sdk-common-1.34.1.jar;C:\Users\shaal\.m2\repository\io\opentelemetry\opentelemetry-sdk-extension-autoconfigure-spi\1.34.1\opentelemetry-sdk-extension-autoconfigure-spi-1.34.1.jar;C:\Users\shaal\.m2\repository\io\opentelemetry\opentelemetry-sdk-extension-autoconfigure\1.34.1\opentelemetry-sdk-extension-autoconfigure-1.34.1.jar;C:\Users\shaal\.m2\repository\io\opentelemetry\opentelemetry-api-events\1.34.1-alpha\opentelemetry-api-events-1.34.1-alpha.jar;C:\Users\shaal\.m2\repository\io\opentelemetry\opentelemetry-sdk-trace\1.34.1\opentelemetry-sdk-trace-1.34.1.jar;C:\Users\shaal\.m2\repository\io\opentelemetry\opentelemetry-sdk\1.34.1\opentelemetry-sdk-1.34.1.jar;C:\Users\shaal\.m2\repository\io\opentelemetry\opentelemetry-sdk-metrics\1.34.1\opentelemetry-sdk-metrics-1.34.1.jar;C:\Users\shaal\.m2\repository\io\opentelemetry\opentelemetry-extension-incubator\1.34.1-alpha\opentelemetry-extension-incubator-1.34.1-alpha.jar;C:\Users\shaal\.m2\repository\io\opentelemetry\opentelemetry-sdk-logs\1.34.1\opentelemetry-sdk-logs-1.34.1.jar;C:\Users\shaal\.m2\repository\net\bytebuddy\byte-buddy\1.14.11\byte-buddy-1.14.11.jar;C:\Users\shaal\.m2\repository\org\seleniumhq\selenium\selenium-os\4.17.0\selenium-os-4.17.0.jar;C:\Users\shaal\.m2\repository\org\apache\commons\commons-exec\1.3\commons-exec-1.3.jar;C:\Users\shaal\.m2\repository\org\seleniumhq\selenium\selenium-safari-driver\4.17.0\selenium-safari-driver-4.17.0.jar;C:\Users\shaal\.m2\repository\org\seleniumhq\selenium\selenium-support\4.17.0\selenium-support-4.17.0.jar;C:\Users\shaal\.m2\repository\org\testng\testng\7.10.2\testng-7.10.2.jar;C:\Users\shaal\.m2\repository\org\slf4j\slf4j-api\1.7.36\slf4j-api-1.7.36.jar;C:\Users\shaal\.m2\repository\com\beust\jcommander\1.82\jcommander-1.82.jar;C:\Users\shaal\.m2\repository\org\webjars\jquery\3.7.1\jquery-3.7.1.jar;C:\Users\shaal\.m2\repository\org\slf4j\slf4j-simple\2.0.9\slf4j-simple-2.0.9.jar;C:\Users\shaal\.m2\repository\ch\qos\logback\logback-classic\1.4.11\logback-classic-1.4.11.jar;C:\Users\shaal\.m2\repository\ch\qos\logback\logback-core\1.4.11\logback-core-1.4.11.jar;C:\Users\shaal\.m2\repository\org\apache\poi\poi-ooxml\5.3.0\poi-ooxml-5.3.0.jar;C:\Users\shaal\.m2\repository\org\apache\poi\poi-ooxml-lite\5.3.0\poi-ooxml-lite-5.3.0.jar;C:\Users\shaal\.m2\repository\org\apache\xmlbeans\xmlbeans\5.2.1\xmlbeans-5.2.1.jar;C:\Users\shaal\.m2\repository\org\apache\commons\commons-compress\1.26.2\commons-compress-1.26.2.jar;C:\Users\shaal\.m2\repository\org\apache\commons\commons-lang3\3.14.0\commons-lang3-3.14.0.jar;C:\Users\shaal\.m2\repository\commons-io\commons-io\2.16.1\commons-io-2.16.1.jar;C:\Users\shaal\.m2\repository\com\github\virtuald\curvesapi\1.08\curvesapi-1.08.jar;C:\Users\shaal\.m2\repository\org\apache\commons\commons-collections4\4.4\commons-collections4-4.4.jar;C:\Users\shaal\.m2\repository\io\qameta\allure\allure-cucumber7-jvm\2.29.1\allure-cucumber7-jvm-2.29.1.jar;C:\Users\shaal\.m2\repository\io\qameta\allure\allure-java-commons\2.29.1\allure-java-commons-2.29.1.jar;C:\Users\shaal\.m2\repository\io\qameta\allure\allure-model\2.29.1\allure-model-2.29.1.jar;C:\Users\shaal\.m2\repository\tech\grasshopper\extentreports-cucumber7-adapter\1.14.0\extentreports-cucumber7-adapter-1.14.0.jar;C:\Users\shaal\.m2\repository\com\aventstack\extentreports\5.1.0\extentreports-5.1.0.jar;C:\Users\shaal\.m2\repository\io\reactivex\rxjava3\rxjava\3.1.6\rxjava-3.1.6.jar;C:\Users\shaal\.m2\repository\org\reactivestreams\reactive-streams\1.0.4\reactive-streams-1.0.4.jar;C:\Users\shaal\.m2\repository\org\freemarker\freemarker\2.3.32\freemarker-2.3.32.jar;C:\Users\shaal\.m2\repository\org\projectlombok\lombok\1.18.26\lombok-1.18.26.jar;C:\Users\shaal\.m2\repository\com\google\code\gson\gson\2.10.1\gson-2.10.1.jar;C:\Users\shaal\.m2\repository\tech\grasshopper\extent-pdf-report\2.12.0\extent-pdf-report-2.12.0.jar;C:\Users\shaal\.m2\repository\tech\grasshopper\cucumber-pdf-report\2.14.0\cucumber-pdf-report-2.14.0.jar;C:\Users\shaal\.m2\repository\org\apache\pdfbox\pdfbox\2.0.26\pdfbox-2.0.26.jar;C:\Users\shaal\.m2\repository\org\apache\pdfbox\fontbox\2.0.26\fontbox-2.0.26.jar;C:\Users\shaal\.m2\repository\org\knowm\xchart\xchart\3.8.0\xchart-3.8.0.jar;C:\Users\shaal\.m2\repository\de\erichseifert\vectorgraphics2d\VectorGraphics2D\0.13\VectorGraphics2D-0.13.jar;C:\Users\shaal\.m2\repository\de\rototor\pdfbox\graphics2d\0.30\graphics2d-0.30.jar;C:\Users\shaal\.m2\repository\com\madgag\animated-gif-lib\1.4\animated-gif-lib-1.4.jar;C:\Users\shaal\.m2\repository\org\yaml\snakeyaml\2.0\snakeyaml-2.0.jar;C:\Users\shaal\.m2\repository\tech\grasshopper\table-layout\1.5.1\table-layout-1.5.1.jar;C:\Users\shaal\.m2\repository\tech\grasshopper\rest-assured-cucumber-pdf-report\1.5.0\rest-assured-cucumber-pdf-report-1.5.0.jar;C:\Users\shaal\.m2\repository\org\jsoup\jsoup\1.15.3\jsoup-1.15.3.jar;C:\Users\shaal\.m2\repository\com\aventstack\klov-reporter\5.1.0\klov-reporter-5.1.0.jar;C:\Users\shaal\.m2\repository\org\mongodb\mongodb-driver\3.6.4\mongodb-driver-3.6.4.jar;C:\Users\shaal\.m2\repository\org\mongodb\mongodb-driver-core\3.6.4\mongodb-driver-core-3.6.4.jar;C:\Users\shaal\.m2\repository\org\mongodb\bson\3.6.4\bson-3.6.4.jar;C:\Users\shaal\.m2\repository\org\apache\httpcomponents\httpclient\4.5.13\httpclient-4.5.13.jar;C:\Users\shaal\.m2\repository\org\apache\httpcomponents\httpcore\4.4.13\httpcore-4.4.13.jar;C:\Users\shaal\.m2\repository\commons-logging\commons-logging\1.2\commons-logging-1.2.jar;C:\Users\shaal\.m2\repository\org\apache\httpcomponents\httpmime\4.5.13\httpmime-4.5.13.jar;C:\Users\shaal\.m2\repository\tech\grasshopper\htmlextentreporter\1.1.0\htmlextentreporter-1.1.0.jar;C:\Users\shaal\.m2\repository\tech\grasshopper\extent-excel-report\1.4.0\extent-excel-report-1.4.0.jar;C:\Users\shaal\.m2\repository\io\cucumber\cucumber-java\7.2.3\cucumber-java-7.2.3.jar;C:\Users\shaal\.m2\repository\io\cucumber\cucumber-core\7.2.3\cucumber-core-7.2.3.jar;C:\Users\shaal\.m2\repository\io\cucumber\cucumber-gherkin\7.2.3\cucumber-gherkin-7.2.3.jar;C:\Users\shaal\.m2\repository\io\cucumber\cucumber-gherkin-messages\7.2.3\cucumber-gherkin-messages-7.2.3.jar;C:\Users\shaal\.m2\repository\io\cucumber\messages\17.1.1\messages-17.1.1.jar;C:\Users\shaal\.m2\repository\io\cucumber\tag-expressions\4.1.0\tag-expressions-4.1.0.jar;C:\Users\shaal\.m2\repository\io\cucumber\cucumber-expressions\15.0.1\cucumber-expressions-15.0.1.jar;C:\Users\shaal\.m2\repository\io\cucumber\datatable\7.2.3\datatable-7.2.3.jar;C:\Users\shaal\.m2\repository\io\cucumber\cucumber-plugin\7.2.3\cucumber-plugin-7.2.3.jar;C:\Users\shaal\.m2\repository\io\cucumber\docstring\7.2.3\docstring-7.2.3.jar;C:\Users\shaal\.m2\repository\io\cucumber\html-formatter\17.0.0\html-formatter-17.0.0.jar;C:\Users\shaal\.m2\repository\io\cucumber\ci-environment\8.1.0\ci-environment-8.1.0.jar;C:\Users\shaal\.m2\repository\org\apiguardian\apiguardian-api\1.1.2\apiguardian-api-1.1.2.jar;C:\Users\shaal\.m2\repository\io\qameta\allure\allure-testng\2.29.1\allure-testng-2.29.1.jar;C:\Users\shaal\.m2\repository\io\qameta\allure\allure-test-filter\2.29.1\allure-test-filter-2.29.1.jar;C:\Users\shaal\.m2\repository\org\apache\logging\log4j\log4j-api\2.24.3\log4j-api-2.24.3.jar;C:\Users\shaal\.m2\repository\org\apache\logging\log4j\log4j-core\2.24.3\log4j-core-2.24.3.jar;C:\Users\shaal\.m2\repository\org\apache\poi\poi\5.3.0\poi-5.3.0.jar;C:\Users\shaal\.m2\repository\commons-codec\commons-codec\1.17.0\commons-codec-1.17.0.jar;C:\Users\shaal\.m2\repository\org\apache\commons\commons-math3\3.6.1\commons-math3-3.6.1.jar;C:\Users\shaal\.m2\repository\com\zaxxer\SparseBitSet\1.3\SparseBitSet-1.3.jar
Launcher Type: SUN_STANDARD

[Global flags]
     intx CICompilerCount                          = 4                                         {product} {ergonomic}
     uint ConcGCThreads                            = 2                                         {product} {ergonomic}
     uint G1ConcRefinementThreads                  = 8                                         {product} {ergonomic}
   size_t G1HeapRegionSize                         = 1048576                                   {product} {ergonomic}
   size_t InitialHeapSize                          = 130023424                                 {product} {ergonomic}
   size_t MarkStackSize                            = 4194304                                   {product} {ergonomic}
   size_t MarkStackSizeMax                         = 536870912                                 {product} {ergonomic}
   size_t MaxHeapSize                              = 2078277632                                {product} {ergonomic}
   size_t MaxNewSize                               = 1246756864                                {product} {ergonomic}
   size_t MinHeapDeltaBytes                        = 1048576                                   {product} {ergonomic}
   size_t MinHeapSize                              = 8388608                                   {product} {ergonomic}
    uintx NonNMethodCodeHeapSize                   = 5832704                                {pd product} {ergonomic}
    uintx NonProfiledCodeHeapSize                  = 122945536                              {pd product} {ergonomic}
    uintx ProfiledCodeHeapSize                     = 122880000                              {pd product} {ergonomic}
    uintx ReservedCodeCacheSize                    = 251658240                              {pd product} {ergonomic}
     bool SegmentedCodeCache                       = true                                      {product} {ergonomic}
     bool ShowCodeDetailsInExceptionMessages       = true                                   {manageable} {command line}
   size_t SoftMaxHeapSize                          = 2078277632                             {manageable} {ergonomic}
     bool UseCompressedOops                        = true                           {product lp64_product} {ergonomic}
     bool UseG1GC                                  = true                                      {product} {ergonomic}
     bool UseLargePagesIndividualAllocation        = false                                  {pd product} {ergonomic}

Logging:
Log output configuration:
 #0: stdout all=warning uptime,level,tags foldmultilines=false
 #1: stderr all=off uptime,level,tags foldmultilines=false

Environment Variables:
JAVA_HOME=D:\Softwares\Java\jdk-21
PATH=C:/Users/shaal/.p2/pool/plugins/org.eclipse.justj.openjdk.hotspot.jre.full.win32.x86_64_23.0.1.v20241024-1700/jre/bin/server;C:/Users/shaal/.p2/pool/plugins/org.eclipse.justj.openjdk.hotspot.jre.full.win32.x86_64_23.0.1.v20241024-1700/jre/bin;C:\Program Files\Common Files\Oracle\Java\javapath;C:\oraclexe\app\oracle\product\11.2.0\server\bin;C:\WINDOWS\system32;C:\WINDOWS;C:\WINDOWS\System32\Wbem;C:\WINDOWS\System32\WindowsPowerShell\v1.0\;C:\WINDOWS\System32\OpenSSH\;C:\Program Files\dotnet\;C:\Program Files\Java\jdk1.8.0_202\bin;C:\Program Files\Java\jre1.8.0_202\bin;D:\apache-maven-3.9.9-bin\apache-maven-3.9.9\bin;D:\Softwares\Git\cmd;D:\Softwares\Java\jdk-21\bin;D:\Softwares\;C:\Users\shaal\AppData\Roaming\npm\node_modules\allure-commandline\bin;C:\Users\shaal\AppData\Local\Microsoft\WindowsApps;C:\Users\shaal\AppData\Roaming\npm;C:\Users\shaal\eclipse\java-2024-12\eclipse;
USERNAME=shaal
OS=Windows_NT
PROCESSOR_IDENTIFIER=Intel64 Family 6 Model 140 Stepping 1, GenuineIntel
TMP=C:\Users\shaal\AppData\Local\Temp
TEMP=C:\Users\shaal\AppData\Local\Temp




Periodic native trim disabled

---------------  S Y S T E M  ---------------

OS:
 Windows 11 , 64 bit Build 22621 (10.0.22621.4391)
OS uptime: 0 days 8:21 hours
Hyper-V role detected

CPU: total 8 (initial active 8) (4 cores per cpu, 2 threads per core) family 6 model 140 stepping 1 microcode 0xb8, cx8, cmov, fxsr, ht, mmx, 3dnowpref, sse, sse2, sse3, ssse3, sse4.1, sse4.2, popcnt, lzcnt, tsc, tscinvbit, avx, avx2, aes, erms, clmul, bmi1, bmi2, adx, avx512f, avx512dq, avx512cd, avx512bw, avx512vl, sha, fma, vzeroupper, avx512_vpopcntdq, avx512_vpclmulqdq, avx512_vaes, avx512_vnni, clflush, clflushopt, clwb, avx512_vbmi2, avx512_vbmi, hv, rdtscp, rdpid, fsrm, gfni, avx512_bitalg, f16c, cet_ibt, cet_ss, avx512_ifma
Processor Information for processor 0
  Max Mhz: 2419, Current Mhz: 2419, Mhz Limit: 2419
Processor Information for processor 1
  Max Mhz: 2419, Current Mhz: 2419, Mhz Limit: 2419
Processor Information for processor 2
  Max Mhz: 2419, Current Mhz: 1209, Mhz Limit: 2419
Processor Information for processor 3
  Max Mhz: 2419, Current Mhz: 2419, Mhz Limit: 2419
Processor Information for processor 4
  Max Mhz: 2419, Current Mhz: 2419, Mhz Limit: 2419
Processor Information for processor 5
  Max Mhz: 2419, Current Mhz: 2419, Mhz Limit: 2419
Processor Information for processor 6
  Max Mhz: 2419, Current Mhz: 2419, Mhz Limit: 2419
Processor Information for processor 7
  Max Mhz: 2419, Current Mhz: 2419, Mhz Limit: 2419

Memory: 4k page, system-wide physical 7926M (317M free)
TotalPageFile size 17369M (AvailPageFile size 274M)
current process WorkingSet (physical memory assigned to process): 141M, peak: 152M
current process commit charge ("private bytes"): 266M, peak: 277M

vm_info: OpenJDK 64-Bit Server VM (23.0.1+11) for windows-amd64 JRE (23.0.1+11), built on 2024-10-15T00:00:00Z with MS VC++ 17.7 (VS2022)

END.
